27-12 19:49:57 [INFO ] [c.parcer.service.ParcerService]: - Начало работы
27-12 19:59:31 [INFO ] [c.parcer.service.ParcerService]: - Начало работы
27-12 19:59:31 [INFO ] [om.ChaoticChaotic.parcer.ui.UI]: - получаем адрес
27-12 19:59:41 [INFO ] [om.ChaoticChaotic.parcer.ui.UI]: - получили адрес
27-12 20:04:34 [INFO ] [c.parcer.service.ParcerService]: - Начало работы
27-12 20:04:34 [INFO ] [om.ChaoticChaotic.parcer.ui.UI]: - получаем адрес
27-12 20:04:46 [INFO ] [om.ChaoticChaotic.parcer.ui.UI]: - получили адрес
27-12 20:04:47 [INFO ] [aotic.parcer.reader.SiteReader]: - Текст с сайта https://ru.wikipedia.org/wiki/%D0%9F%D0%B0%D1%80%D1%84%D0%B5%D0%BD%D0%BE%D0%BD прочитан
27-12 20:04:47 [INFO ] [rcer.langDetector.LangDetector]: - Инициализация языка, язык сайта: ru
27-12 20:04:47 [INFO ] [c.parcer.service.ParcerService]: - Старт парсинга и подсчета статистики уникальных слов
27-12 20:04:47 [INFO ] [.analizers.UniqueWordsAnalizer]: - Подсчет уникальных слов окончен
27-12 20:04:47 [INFO ] [.analizers.UniqueWordsAnalizer]: - Загрузка статистики в базу данных
27-12 20:04:48 [INFO ] [.analizers.UniqueWordsAnalizer]: - Загрузка статистики в базу данных завершена
27-12 20:05:50 [INFO ] [c.parcer.service.ParcerService]: - Завершение работы
27-12 20:33:39 [INFO ] [c.parcer.service.ParcerService]: - Начало работы
27-12 20:33:39 [INFO ] [om.ChaoticChaotic.parcer.ui.UI]: - получаем адрес
27-12 20:33:46 [INFO ] [om.ChaoticChaotic.parcer.ui.UI]: - получили адрес
27-12 20:33:47 [INFO ] [aotic.parcer.reader.SiteReader]: - Текст с сайта https://ru.wikipedia.org/wiki/%D0%9F%D0%B0%D1%80%D1%84%D0%B5%D0%BD%D0%BE%D0%BD прочитан
27-12 20:33:47 [INFO ] [rcer.langDetector.LangDetector]: - Инициализация языка, язык сайта: ru
27-12 20:33:47 [INFO ] [c.parcer.service.ParcerService]: - Старт парсинга и подсчета статистики уникальных слов
27-12 20:33:48 [INFO ] [.analizers.UniqueWordsAnalizer]: - Подсчет уникальных слов окончен
27-12 20:33:48 [INFO ] [.analizers.UniqueWordsAnalizer]: - Загрузка статистики в базу данных
27-12 20:33:48 [INFO ] [.analizers.UniqueWordsAnalizer]: - Загрузка статистики в базу данных завершена
27-12 20:33:50 [INFO ] [c.parcer.service.ParcerService]: - Начало работы
27-12 20:33:50 [INFO ] [om.ChaoticChaotic.parcer.ui.UI]: - получаем адрес
27-12 20:34:02 [INFO ] [om.ChaoticChaotic.parcer.ui.UI]: - получили адрес
27-12 20:34:03 [INFO ] [aotic.parcer.reader.SiteReader]: - Текст с сайта https://el.wikipedia.org/wiki/%CE%A0%CE%B1%CF%81%CE%B8%CE%B5%CE%BD%CF%8E%CE%BD%CE%B1%CF%82 прочитан
27-12 20:34:03 [INFO ] [rcer.langDetector.LangDetector]: - Инициализация языка, язык сайта: el
27-12 20:34:03 [INFO ] [c.parcer.service.ParcerService]: - Старт парсинга и подсчета статистики уникальных слов
27-12 20:34:03 [INFO ] [.analizers.UniqueWordsAnalizer]: - Подсчет уникальных слов окончен
27-12 20:34:03 [INFO ] [.analizers.UniqueWordsAnalizer]: - Загрузка статистики в базу данных
27-12 20:34:03 [INFO ] [.analizers.UniqueWordsAnalizer]: - Загрузка статистики в базу данных завершена
27-12 20:34:06 [INFO ] [c.parcer.service.ParcerService]: - Начало работы
27-12 20:34:06 [INFO ] [om.ChaoticChaotic.parcer.ui.UI]: - получаем адрес
27-12 20:34:18 [INFO ] [om.ChaoticChaotic.parcer.ui.UI]: - получили адрес
27-12 20:34:19 [INFO ] [aotic.parcer.reader.SiteReader]: - Текст с сайта https://en.wikipedia.org/wiki/Parthenon прочитан
27-12 20:34:19 [INFO ] [rcer.langDetector.LangDetector]: - Инициализация языка, язык сайта: en
27-12 20:34:19 [INFO ] [c.parcer.service.ParcerService]: - Старт парсинга и подсчета статистики уникальных слов
27-12 20:34:19 [INFO ] [.analizers.UniqueWordsAnalizer]: - Подсчет уникальных слов окончен
27-12 20:34:19 [INFO ] [.analizers.UniqueWordsAnalizer]: - Загрузка статистики в базу данных
27-12 20:34:19 [INFO ] [.analizers.UniqueWordsAnalizer]: - Загрузка статистики в базу данных завершена
27-12 20:35:18 [INFO ] [c.parcer.service.ParcerService]: - Завершение работы
27-12 20:36:43 [INFO ] [c.parcer.service.ParcerService]: - Начало работы
27-12 20:36:43 [INFO ] [om.ChaoticChaotic.parcer.ui.UI]: - получаем адрес
27-12 20:36:48 [INFO ] [om.ChaoticChaotic.parcer.ui.UI]: - получили адрес
27-12 20:36:48 [ERROR] [om.ChaoticChaotic.parcer.ui.UI]: - Ошибка! Пустой URL адрес java.lang.IllegalArgumentException
27-12 20:36:48 [INFO ] [om.ChaoticChaotic.parcer.ui.UI]: - получаем адрес
27-12 20:36:48 [INFO ] [om.ChaoticChaotic.parcer.ui.UI]: - получили адрес
27-12 20:36:49 [INFO ] [aotic.parcer.reader.SiteReader]: - Текст с сайта https://en.wikipedia.org/wiki/Parthenon прочитан
27-12 20:36:50 [INFO ] [rcer.langDetector.LangDetector]: - Инициализация языка, язык сайта: en
27-12 20:36:50 [INFO ] [c.parcer.service.ParcerService]: - Старт парсинга и подсчета статистики уникальных слов
27-12 20:36:50 [INFO ] [.analizers.UniqueWordsAnalizer]: - Подсчет уникальных слов окончен
27-12 20:36:50 [INFO ] [.analizers.UniqueWordsAnalizer]: - Загрузка статистики в базу данных
27-12 20:36:50 [INFO ] [.analizers.UniqueWordsAnalizer]: - Загрузка статистики в базу данных завершена
27-12 20:36:52 [INFO ] [c.parcer.service.ParcerService]: - Начало работы
27-12 20:36:52 [INFO ] [om.ChaoticChaotic.parcer.ui.UI]: - получаем адрес
27-12 20:36:54 [INFO ] [om.ChaoticChaotic.parcer.ui.UI]: - получили адрес
27-12 20:36:54 [INFO ] [aotic.parcer.reader.SiteReader]: - Текст с сайта https://en.wikipedia.org/wiki/Parthenon прочитан
27-12 20:36:55 [INFO ] [rcer.langDetector.LangDetector]: - Инициализация языка, язык сайта: en
27-12 20:36:55 [INFO ] [c.parcer.service.ParcerService]: - Старт парсинга и подсчета статистики уникальных слов
27-12 20:36:55 [INFO ] [.analizers.UniqueWordsAnalizer]: - Подсчет уникальных слов окончен
27-12 20:36:55 [INFO ] [.analizers.UniqueWordsAnalizer]: - Загрузка статистики в базу данных
27-12 20:36:55 [INFO ] [.analizers.UniqueWordsAnalizer]: - Загрузка статистики в базу данных завершена
27-12 20:36:57 [INFO ] [c.parcer.service.ParcerService]: - Начало работы
27-12 20:36:57 [INFO ] [om.ChaoticChaotic.parcer.ui.UI]: - получаем адрес
27-12 20:37:12 [INFO ] [om.ChaoticChaotic.parcer.ui.UI]: - получили адрес
27-12 20:37:12 [INFO ] [aotic.parcer.reader.SiteReader]: - Текст с сайта https://ru.wikipedia.org/wiki/%D0%9F%D0%B0%D1%80%D1%84%D0%B5%D0%BD%D0%BE%D0%BD прочитан
27-12 20:37:12 [INFO ] [rcer.langDetector.LangDetector]: - Инициализация языка, язык сайта: ru
27-12 20:37:12 [INFO ] [c.parcer.service.ParcerService]: - Старт парсинга и подсчета статистики уникальных слов
27-12 20:37:12 [INFO ] [.analizers.UniqueWordsAnalizer]: - Подсчет уникальных слов окончен
27-12 20:37:12 [INFO ] [.analizers.UniqueWordsAnalizer]: - Загрузка статистики в базу данных
27-12 20:37:13 [INFO ] [.analizers.UniqueWordsAnalizer]: - Загрузка статистики в базу данных завершена
27-12 20:38:39 [INFO ] [c.parcer.service.ParcerService]: - Начало работы
27-12 20:38:39 [INFO ] [om.ChaoticChaotic.parcer.ui.UI]: - получаем адрес
27-12 20:38:41 [INFO ] [om.ChaoticChaotic.parcer.ui.UI]: - получили адрес
27-12 20:38:42 [INFO ] [aotic.parcer.reader.SiteReader]: - Текст с сайта https://ru.wikipedia.org/wiki/%D0%9F%D0%B0%D1%80%D1%84%D0%B5%D0%BD%D0%BE%D0%BD прочитан
27-12 20:38:42 [INFO ] [rcer.langDetector.LangDetector]: - Инициализация языка, язык сайта: ru
27-12 20:38:42 [INFO ] [c.parcer.service.ParcerService]: - Старт парсинга и подсчета статистики уникальных слов
27-12 20:38:42 [INFO ] [.analizers.UniqueWordsAnalizer]: - Подсчет уникальных слов окончен
27-12 20:38:42 [INFO ] [.analizers.UniqueWordsAnalizer]: - Загрузка статистики в базу данных
27-12 20:38:42 [INFO ] [.analizers.UniqueWordsAnalizer]: - Загрузка статистики в базу данных завершена
27-12 20:38:42 [INFO ] [c.parcer.service.ParcerService]: - Начало работы
27-12 20:38:42 [INFO ] [om.ChaoticChaotic.parcer.ui.UI]: - получаем адрес
27-12 20:39:13 [INFO ] [c.parcer.service.ParcerService]: - Начало работы
27-12 20:39:13 [INFO ] [om.ChaoticChaotic.parcer.ui.UI]: - получаем адрес
27-12 20:39:22 [INFO ] [om.ChaoticChaotic.parcer.ui.UI]: - получили адрес
27-12 20:39:23 [INFO ] [aotic.parcer.reader.SiteReader]: - Текст с сайта https://ru.wikipedia.org/wiki/%D0%9F%D0%B0%D1%80%D1%84%D0%B5%D0%BD%D0%BE%D0%BD прочитан
27-12 20:39:23 [INFO ] [rcer.langDetector.LangDetector]: - Инициализация языка, язык сайта: ru
27-12 20:39:23 [INFO ] [c.parcer.service.ParcerService]: - Старт парсинга и подсчета статистики уникальных слов
27-12 20:39:23 [INFO ] [.analizers.UniqueWordsAnalizer]: - Подсчет уникальных слов окончен
27-12 20:39:23 [INFO ] [.analizers.UniqueWordsAnalizer]: - Загрузка статистики в базу данных
27-12 20:39:23 [INFO ] [.analizers.UniqueWordsAnalizer]: - Загрузка статистики в базу данных завершена
27-12 20:39:25 [INFO ] [c.parcer.service.ParcerService]: - Начало работы
27-12 20:39:25 [INFO ] [om.ChaoticChaotic.parcer.ui.UI]: - получаем адрес
27-12 20:39:39 [INFO ] [om.ChaoticChaotic.parcer.ui.UI]: - получили адрес
27-12 20:39:40 [INFO ] [aotic.parcer.reader.SiteReader]: - Текст с сайта https://en.wikipedia.org/wiki/Parthenon прочитан
27-12 20:39:40 [INFO ] [rcer.langDetector.LangDetector]: - Инициализация языка, язык сайта: en
27-12 20:39:40 [INFO ] [c.parcer.service.ParcerService]: - Старт парсинга и подсчета статистики уникальных слов
27-12 20:39:40 [INFO ] [.analizers.UniqueWordsAnalizer]: - Подсчет уникальных слов окончен
27-12 20:39:40 [INFO ] [.analizers.UniqueWordsAnalizer]: - Загрузка статистики в базу данных
27-12 20:39:40 [INFO ] [.analizers.UniqueWordsAnalizer]: - Загрузка статистики в базу данных завершена
27-12 20:41:11 [INFO ] [c.parcer.service.ParcerService]: - Начало работы
27-12 20:41:11 [INFO ] [om.ChaoticChaotic.parcer.ui.UI]: - получаем адрес
27-12 20:41:23 [INFO ] [om.ChaoticChaotic.parcer.ui.UI]: - получили адрес
27-12 20:41:24 [INFO ] [aotic.parcer.reader.SiteReader]: - Текст с сайта https://en.wikipedia.org/wiki/Parthenon прочитан
27-12 20:41:24 [INFO ] [rcer.langDetector.LangDetector]: - Инициализация языка, язык сайта: en
27-12 20:41:24 [INFO ] [c.parcer.service.ParcerService]: - Старт парсинга и подсчета статистики уникальных слов
27-12 20:41:24 [INFO ] [.analizers.UniqueWordsAnalizer]: - Подсчет уникальных слов окончен
27-12 20:41:24 [INFO ] [.analizers.UniqueWordsAnalizer]: - Загрузка статистики в базу данных
27-12 20:41:24 [INFO ] [.analizers.UniqueWordsAnalizer]: - Загрузка статистики в базу данных завершена
28-12 15:07:55 [INFO ] [c.parcer.service.ParcerService]: - Начало работы
28-12 15:07:55 [INFO ] [om.ChaoticChaotic.parcer.ui.UI]: - получаем адрес
28-12 15:08:05 [INFO ] [om.ChaoticChaotic.parcer.ui.UI]: - получили адрес
28-12 15:08:06 [INFO ] [aotic.parcer.reader.SiteReader]: - Текст с сайта https://en.wikipedia.org/wiki/Parthenon прочитан
28-12 15:08:06 [INFO ] [rcer.langDetector.LangDetector]: - Инициализация языка, язык сайта: en
28-12 15:08:06 [INFO ] [c.parcer.service.ParcerService]: - Старт парсинга и подсчета статистики уникальных слов
28-12 15:08:06 [INFO ] [.analizers.UniqueWordsAnalizer]: - Подсчет уникальных слов окончен
28-12 15:08:06 [INFO ] [.analizers.UniqueWordsAnalizer]: - Загрузка статистики в базу данных
28-12 15:08:07 [INFO ] [.analizers.UniqueWordsAnalizer]: - Загрузка статистики в базу данных завершена
28-12 15:08:09 [INFO ] [c.parcer.service.ParcerService]: - Завершение работы
28-12 15:11:08 [INFO ] [c.parcer.service.ParcerService]: - Начало работы
28-12 15:11:08 [INFO ] [om.ChaoticChaotic.parcer.ui.UI]: - получаем адрес
28-12 15:11:12 [INFO ] [om.ChaoticChaotic.parcer.ui.UI]: - получили адрес
28-12 15:11:13 [INFO ] [aotic.parcer.reader.SiteReader]: - Текст с сайта https://en.wikipedia.org/wiki/Parthenon прочитан
28-12 15:11:13 [INFO ] [rcer.langDetector.LangDetector]: - Инициализация языка, язык сайта: en
28-12 15:11:13 [INFO ] [c.parcer.service.ParcerService]: - Старт парсинга и подсчета статистики уникальных слов
28-12 15:11:13 [INFO ] [.analizers.UniqueWordsAnalizer]: - Подсчет уникальных слов окончен
28-12 15:11:13 [INFO ] [.analizers.UniqueWordsAnalizer]: - Загрузка статистики в базу данных
28-12 15:11:14 [INFO ] [.analizers.UniqueWordsAnalizer]: - Загрузка статистики в базу данных завершена
28-12 15:11:15 [INFO ] [c.parcer.service.ParcerService]: - Начало работы
28-12 15:11:15 [INFO ] [om.ChaoticChaotic.parcer.ui.UI]: - получаем адрес
28-12 15:11:31 [INFO ] [om.ChaoticChaotic.parcer.ui.UI]: - получили адрес
28-12 15:11:32 [INFO ] [aotic.parcer.reader.SiteReader]: - Текст с сайта https://ru.wikipedia.org/wiki/%D0%9F%D0%B0%D1%80%D1%84%D0%B5%D0%BD%D0%BE%D0%BD прочитан
28-12 15:11:32 [INFO ] [rcer.langDetector.LangDetector]: - Инициализация языка, язык сайта: ru
28-12 15:11:32 [INFO ] [c.parcer.service.ParcerService]: - Старт парсинга и подсчета статистики уникальных слов
28-12 15:11:32 [INFO ] [.analizers.UniqueWordsAnalizer]: - Подсчет уникальных слов окончен
28-12 15:11:32 [INFO ] [.analizers.UniqueWordsAnalizer]: - Загрузка статистики в базу данных
28-12 15:11:32 [INFO ] [.analizers.UniqueWordsAnalizer]: - Загрузка статистики в базу данных завершена
28-12 15:11:34 [INFO ] [c.parcer.service.ParcerService]: - Начало работы
28-12 15:11:34 [INFO ] [om.ChaoticChaotic.parcer.ui.UI]: - получаем адрес
28-12 15:11:43 [INFO ] [om.ChaoticChaotic.parcer.ui.UI]: - получили адрес
28-12 15:11:44 [INFO ] [aotic.parcer.reader.SiteReader]: - Текст с сайта https://el.wikipedia.org/wiki/%CE%A0%CE%B1%CF%81%CE%B8%CE%B5%CE%BD%CF%8E%CE%BD%CE%B1%CF%82 прочитан
28-12 15:11:44 [INFO ] [rcer.langDetector.LangDetector]: - Инициализация языка, язык сайта: el
28-12 15:11:44 [INFO ] [c.parcer.service.ParcerService]: - Старт парсинга и подсчета статистики уникальных слов
28-12 15:11:44 [INFO ] [.analizers.UniqueWordsAnalizer]: - Подсчет уникальных слов окончен
28-12 15:11:44 [INFO ] [.analizers.UniqueWordsAnalizer]: - Загрузка статистики в базу данных
28-12 15:12:29 [INFO ] [c.parcer.service.ParcerService]: - Начало работы
28-12 15:12:29 [INFO ] [om.ChaoticChaotic.parcer.ui.UI]: - получаем адрес
28-12 15:12:32 [INFO ] [om.ChaoticChaotic.parcer.ui.UI]: - получили адрес
28-12 15:12:33 [INFO ] [aotic.parcer.reader.SiteReader]: - Текст с сайта https://el.wikipedia.org/wiki/%CE%A0%CE%B1%CF%81%CE%B8%CE%B5%CE%BD%CF%8E%CE%BD%CE%B1%CF%82 прочитан
28-12 15:12:33 [INFO ] [rcer.langDetector.LangDetector]: - Инициализация языка, язык сайта: el
28-12 15:12:33 [INFO ] [c.parcer.service.ParcerService]: - Старт парсинга и подсчета статистики уникальных слов
28-12 15:12:33 [INFO ] [.analizers.UniqueWordsAnalizer]: - Подсчет уникальных слов окончен
28-12 15:12:33 [INFO ] [.analizers.UniqueWordsAnalizer]: - Загрузка статистики в базу данных
28-12 15:12:33 [INFO ] [.analizers.UniqueWordsAnalizer]: - Загрузка статистики в базу данных завершена
28-12 15:12:40 [INFO ] [c.parcer.service.ParcerService]: - Начало работы
28-12 15:12:40 [INFO ] [om.ChaoticChaotic.parcer.ui.UI]: - получаем адрес
28-12 15:12:42 [INFO ] [om.ChaoticChaotic.parcer.ui.UI]: - получили адрес
28-12 15:12:42 [INFO ] [aotic.parcer.reader.SiteReader]: - Текст с сайта https://ru.wikipedia.org/wiki/%D0%9F%D0%B0%D1%80%D1%84%D0%B5%D0%BD%D0%BE%D0%BD прочитан
28-12 15:12:42 [INFO ] [rcer.langDetector.LangDetector]: - Инициализация языка, язык сайта: ru
28-12 15:12:42 [INFO ] [c.parcer.service.ParcerService]: - Старт парсинга и подсчета статистики уникальных слов
28-12 15:12:42 [INFO ] [.analizers.UniqueWordsAnalizer]: - Подсчет уникальных слов окончен
28-12 15:12:42 [INFO ] [.analizers.UniqueWordsAnalizer]: - Загрузка статистики в базу данных
28-12 15:12:43 [INFO ] [.analizers.UniqueWordsAnalizer]: - Загрузка статистики в базу данных завершена
28-12 15:14:25 [INFO ] [c.parcer.service.ParcerService]: - Начало работы
28-12 15:14:25 [INFO ] [om.ChaoticChaotic.parcer.ui.UI]: - получаем адрес
28-12 15:14:29 [INFO ] [om.ChaoticChaotic.parcer.ui.UI]: - получили адрес
28-12 15:14:30 [INFO ] [aotic.parcer.reader.SiteReader]: - Текст с сайта https://ru.wikipedia.org/wiki/%D0%9F%D0%B0%D1%80%D1%84%D0%B5%D0%BD%D0%BE%D0%BD прочитан
28-12 15:14:30 [INFO ] [rcer.langDetector.LangDetector]: - Инициализация языка, язык сайта: ru
28-12 15:14:30 [INFO ] [c.parcer.service.ParcerService]: - Старт парсинга и подсчета статистики уникальных слов
28-12 15:14:30 [INFO ] [.analizers.UniqueWordsAnalizer]: - Подсчет уникальных слов окончен
28-12 15:14:30 [INFO ] [.analizers.UniqueWordsAnalizer]: - Загрузка статистики в базу данных
28-12 15:14:30 [INFO ] [.analizers.UniqueWordsAnalizer]: - Загрузка статистики в базу данных завершена
28-12 15:14:32 [INFO ] [c.parcer.service.ParcerService]: - Начало работы
28-12 15:14:32 [INFO ] [om.ChaoticChaotic.parcer.ui.UI]: - получаем адрес
28-12 15:14:39 [INFO ] [om.ChaoticChaotic.parcer.ui.UI]: - получили адрес
28-12 15:14:40 [INFO ] [aotic.parcer.reader.SiteReader]: - Текст с сайта https://en.wikipedia.org/wiki/Parthenon прочитан
28-12 15:14:40 [INFO ] [rcer.langDetector.LangDetector]: - Инициализация языка, язык сайта: en
28-12 15:14:40 [INFO ] [c.parcer.service.ParcerService]: - Старт парсинга и подсчета статистики уникальных слов
28-12 15:14:40 [INFO ] [.analizers.UniqueWordsAnalizer]: - Подсчет уникальных слов окончен
28-12 15:14:40 [INFO ] [.analizers.UniqueWordsAnalizer]: - Загрузка статистики в базу данных
28-12 15:14:40 [INFO ] [.analizers.UniqueWordsAnalizer]: - Загрузка статистики в базу данных завершена
28-12 16:12:10 [INFO ] [c.parcer.service.ParcerService]: - Начало работы
28-12 16:12:10 [INFO ] [om.ChaoticChaotic.parcer.ui.UI]: - получаем адрес
28-12 16:12:18 [INFO ] [om.ChaoticChaotic.parcer.ui.UI]: - получили адрес
28-12 16:12:19 [INFO ] [aotic.parcer.reader.SiteReader]: - Текст с сайта https://en.wikipedia.org/wiki/Parthenon прочитан
28-12 16:12:19 [INFO ] [rcer.langDetector.LangDetector]: - Инициализация языка, язык сайта: en
28-12 16:12:19 [INFO ] [c.parcer.service.ParcerService]: - Старт парсинга и подсчета статистики уникальных слов
28-12 16:12:19 [INFO ] [.analizers.UniqueWordsAnalizer]: - Подсчет уникальных слов окончен
28-12 16:12:19 [INFO ] [.analizers.UniqueWordsAnalizer]: - Загрузка статистики в базу данных
28-12 16:12:19 [INFO ] [.analizers.UniqueWordsAnalizer]: - Загрузка статистики в базу данных завершена
28-12 16:12:53 [INFO ] [c.parcer.service.ParcerService]: - Начало работы
28-12 16:12:53 [INFO ] [om.ChaoticChaotic.parcer.ui.UI]: - получаем адрес
28-12 16:12:57 [INFO ] [om.ChaoticChaotic.parcer.ui.UI]: - получили адрес
28-12 16:12:58 [INFO ] [aotic.parcer.reader.SiteReader]: - Текст с сайта https://en.wikipedia.org/wiki/Parthenon прочитан
28-12 16:12:58 [INFO ] [rcer.langDetector.LangDetector]: - Инициализация языка, язык сайта: en
28-12 16:12:58 [INFO ] [c.parcer.service.ParcerService]: - Старт парсинга и подсчета статистики уникальных слов
28-12 16:12:58 [INFO ] [.analizers.UniqueWordsAnalizer]: - Подсчет уникальных слов окончен
28-12 16:12:58 [INFO ] [.analizers.UniqueWordsAnalizer]: - Загрузка статистики в базу данных
28-12 16:12:58 [INFO ] [.analizers.UniqueWordsAnalizer]: - Загрузка статистики в базу данных завершена
28-12 16:14:27 [INFO ] [c.parcer.service.ParcerService]: - Начало работы
28-12 16:14:27 [INFO ] [om.ChaoticChaotic.parcer.ui.UI]: - получаем адрес
28-12 16:14:30 [INFO ] [om.ChaoticChaotic.parcer.ui.UI]: - получили адрес
28-12 16:14:31 [INFO ] [aotic.parcer.reader.SiteReader]: - Текст с сайта https://en.wikipedia.org/wiki/Parthenon прочитан
28-12 16:14:31 [INFO ] [rcer.langDetector.LangDetector]: - Инициализация языка, язык сайта: en
28-12 16:14:31 [INFO ] [c.parcer.service.ParcerService]: - Старт парсинга и подсчета статистики уникальных слов
28-12 16:14:31 [INFO ] [.analizers.UniqueWordsAnalizer]: - Подсчет уникальных слов окончен
28-12 16:14:31 [INFO ] [.analizers.UniqueWordsAnalizer]: - Загрузка статистики в базу данных
28-12 16:14:31 [INFO ] [.analizers.UniqueWordsAnalizer]: - Загрузка статистики в базу данных завершена
28-12 16:15:36 [INFO ] [c.parcer.service.ParcerService]: - Начало работы
28-12 16:15:36 [INFO ] [om.ChaoticChaotic.parcer.ui.UI]: - получаем адрес
28-12 16:15:56 [INFO ] [om.ChaoticChaotic.parcer.ui.UI]: - получили адрес
28-12 16:15:57 [INFO ] [aotic.parcer.reader.SiteReader]: - Текст с сайта https://en.wikipedia.org/wiki/Parthenon прочитан
28-12 16:15:57 [INFO ] [rcer.langDetector.LangDetector]: - Инициализация языка, язык сайта: en
28-12 16:15:57 [INFO ] [c.parcer.service.ParcerService]: - Старт парсинга и подсчета статистики уникальных слов
28-12 16:15:57 [INFO ] [.analizers.UniqueWordsAnalizer]: - Подсчет уникальных слов окончен
28-12 16:15:57 [INFO ] [.analizers.UniqueWordsAnalizer]: - Загрузка статистики в базу данных
28-12 16:15:58 [INFO ] [.analizers.UniqueWordsAnalizer]: - Загрузка статистики в базу данных завершена
28-12 16:16:02 [INFO ] [c.parcer.service.ParcerService]: - Начало работы
28-12 16:16:02 [INFO ] [om.ChaoticChaotic.parcer.ui.UI]: - получаем адрес
28-12 16:16:04 [INFO ] [om.ChaoticChaotic.parcer.ui.UI]: - получили адрес
28-12 16:16:05 [INFO ] [aotic.parcer.reader.SiteReader]: - Текст с сайта https://en.wikipedia.org/wiki/Parthenon прочитан
28-12 16:16:05 [INFO ] [rcer.langDetector.LangDetector]: - Инициализация языка, язык сайта: en
28-12 16:16:05 [INFO ] [c.parcer.service.ParcerService]: - Старт парсинга и подсчета статистики уникальных слов
28-12 16:16:05 [INFO ] [.analizers.UniqueWordsAnalizer]: - Подсчет уникальных слов окончен
28-12 16:16:05 [INFO ] [.analizers.UniqueWordsAnalizer]: - Загрузка статистики в базу данных
28-12 16:16:40 [INFO ] [c.parcer.service.ParcerService]: - Начало работы
28-12 16:16:40 [INFO ] [om.ChaoticChaotic.parcer.ui.UI]: - получаем адрес
28-12 16:16:43 [INFO ] [om.ChaoticChaotic.parcer.ui.UI]: - получили адрес
28-12 16:16:44 [INFO ] [aotic.parcer.reader.SiteReader]: - Текст с сайта https://en.wikipedia.org/wiki/Parthenon прочитан
28-12 16:16:44 [INFO ] [rcer.langDetector.LangDetector]: - Инициализация языка, язык сайта: en
28-12 16:16:44 [INFO ] [c.parcer.service.ParcerService]: - Старт парсинга и подсчета статистики уникальных слов
28-12 16:16:44 [INFO ] [.analizers.UniqueWordsAnalizer]: - Подсчет уникальных слов окончен
28-12 16:16:44 [INFO ] [.analizers.UniqueWordsAnalizer]: - Загрузка статистики в базу данных
28-12 16:16:44 [INFO ] [.analizers.UniqueWordsAnalizer]: - Загрузка статистики в базу данных завершена
28-12 16:17:16 [INFO ] [c.parcer.service.ParcerService]: - Начало работы
28-12 16:17:16 [INFO ] [om.ChaoticChaotic.parcer.ui.UI]: - получаем адрес
28-12 16:17:18 [INFO ] [om.ChaoticChaotic.parcer.ui.UI]: - получили адрес
28-12 16:17:19 [INFO ] [aotic.parcer.reader.SiteReader]: - Текст с сайта https://en.wikipedia.org/wiki/Parthenon прочитан
28-12 16:17:19 [INFO ] [rcer.langDetector.LangDetector]: - Инициализация языка, язык сайта: en
28-12 16:17:19 [INFO ] [c.parcer.service.ParcerService]: - Старт парсинга и подсчета статистики уникальных слов
28-12 16:17:19 [INFO ] [.analizers.UniqueWordsAnalizer]: - Подсчет уникальных слов окончен
28-12 16:17:19 [INFO ] [.analizers.UniqueWordsAnalizer]: - Загрузка статистики в базу данных
28-12 16:17:19 [INFO ] [.analizers.UniqueWordsAnalizer]: - Загрузка статистики в базу данных завершена
28-12 16:17:23 [INFO ] [c.parcer.service.ParcerService]: - Начало работы
28-12 16:17:23 [INFO ] [om.ChaoticChaotic.parcer.ui.UI]: - получаем адрес
28-12 16:17:33 [INFO ] [om.ChaoticChaotic.parcer.ui.UI]: - получили адрес
28-12 16:17:33 [INFO ] [aotic.parcer.reader.SiteReader]: - Текст с сайта https://ru.wikipedia.org/wiki/%D0%9F%D0%B0%D1%80%D1%84%D0%B5%D0%BD%D0%BE%D0%BD прочитан
28-12 16:17:33 [INFO ] [rcer.langDetector.LangDetector]: - Инициализация языка, язык сайта: ru
28-12 16:17:33 [INFO ] [c.parcer.service.ParcerService]: - Старт парсинга и подсчета статистики уникальных слов
28-12 16:17:33 [INFO ] [.analizers.UniqueWordsAnalizer]: - Подсчет уникальных слов окончен
28-12 16:17:33 [INFO ] [.analizers.UniqueWordsAnalizer]: - Загрузка статистики в базу данных
28-12 16:17:33 [INFO ] [.analizers.UniqueWordsAnalizer]: - Загрузка статистики в базу данных завершена
28-12 16:27:47 [INFO ] [c.parcer.service.ParcerService]: - Начало работы
28-12 16:27:47 [INFO ] [om.ChaoticChaotic.parcer.ui.UI]: - получаем адрес
28-12 16:43:17 [INFO ] [c.parcer.service.ParcerService]: - Начало работы
28-12 16:43:17 [INFO ] [om.ChaoticChaotic.parcer.ui.UI]: - получаем адрес
28-12 16:43:20 [INFO ] [om.ChaoticChaotic.parcer.ui.UI]: - получили адрес
28-12 16:43:21 [INFO ] [aotic.parcer.reader.SiteReader]: - Текст с сайта https://en.wikipedia.org/wiki/Parthenon прочитан
28-12 16:43:21 [INFO ] [rcer.langDetector.LangDetector]: - Инициализация языка, язык сайта: en
28-12 16:43:21 [INFO ] [c.parcer.service.ParcerService]: - Старт парсинга и подсчета статистики уникальных слов
28-12 16:43:21 [INFO ] [.analizers.UniqueWordsAnalizer]: - Подсчет уникальных слов окончен
28-12 16:43:21 [INFO ] [.analizers.UniqueWordsAnalizer]: - Загрузка статистики в базу данных
28-12 16:43:21 [INFO ] [.analizers.UniqueWordsAnalizer]: - Загрузка статистики в базу данных завершена
28-12 16:49:19 [INFO ] [c.parcer.service.ParcerService]: - Начало работы
28-12 16:49:19 [INFO ] [om.ChaoticChaotic.parcer.ui.UI]: - получаем адрес
28-12 16:49:23 [INFO ] [om.ChaoticChaotic.parcer.ui.UI]: - получили адрес
28-12 16:49:23 [WARN ] [aotic.parcer.reader.SiteReader]: - Некорректный формат адреса, перезапуск java.lang.IllegalArgumentException: Malformed URL: ConfigurableApplicationContext ctx = new SpringApplicationBuilder(Application.class)
28-12 16:49:34 [INFO ] [c.parcer.service.ParcerService]: - Начало работы
28-12 16:49:34 [INFO ] [om.ChaoticChaotic.parcer.ui.UI]: - получаем адрес
28-12 16:49:36 [INFO ] [om.ChaoticChaotic.parcer.ui.UI]: - получили адрес
28-12 16:49:37 [INFO ] [aotic.parcer.reader.SiteReader]: - Текст с сайта https://www.baeldung.com/spring-boot-shutdown прочитан
28-12 16:49:37 [INFO ] [rcer.langDetector.LangDetector]: - Инициализация языка, язык сайта: en
28-12 16:49:37 [INFO ] [c.parcer.service.ParcerService]: - Старт парсинга и подсчета статистики уникальных слов
28-12 16:49:37 [INFO ] [.analizers.UniqueWordsAnalizer]: - Подсчет уникальных слов окончен
28-12 16:49:37 [INFO ] [.analizers.UniqueWordsAnalizer]: - Загрузка статистики в базу данных
28-12 16:49:37 [INFO ] [.analizers.UniqueWordsAnalizer]: - Загрузка статистики в базу данных завершена
28-12 16:49:44 [INFO ] [c.parcer.service.ParcerService]: - Начало работы
28-12 16:49:44 [INFO ] [om.ChaoticChaotic.parcer.ui.UI]: - получаем адрес
28-12 16:50:59 [INFO ] [c.parcer.service.ParcerService]: - Начало работы
28-12 16:50:59 [INFO ] [om.ChaoticChaotic.parcer.ui.UI]: - получаем адрес
28-12 16:51:01 [INFO ] [om.ChaoticChaotic.parcer.ui.UI]: - получили адрес
28-12 16:51:01 [INFO ] [aotic.parcer.reader.SiteReader]: - Текст с сайта https://www.baeldung.com/spring-boot-shutdown прочитан
28-12 16:51:02 [INFO ] [rcer.langDetector.LangDetector]: - Инициализация языка, язык сайта: en
28-12 16:51:02 [INFO ] [c.parcer.service.ParcerService]: - Старт парсинга и подсчета статистики уникальных слов
28-12 16:51:02 [INFO ] [.analizers.UniqueWordsAnalizer]: - Подсчет уникальных слов окончен
28-12 16:51:02 [INFO ] [.analizers.UniqueWordsAnalizer]: - Загрузка статистики в базу данных
28-12 16:51:02 [INFO ] [.analizers.UniqueWordsAnalizer]: - Загрузка статистики в базу данных завершена
28-12 16:51:38 [INFO ] [c.parcer.service.ParcerService]: - Начало работы
28-12 16:51:38 [INFO ] [om.ChaoticChaotic.parcer.ui.UI]: - получаем адрес
28-12 16:52:56 [INFO ] [c.parcer.service.ParcerService]: - Начало работы
28-12 16:52:56 [INFO ] [om.ChaoticChaotic.parcer.ui.UI]: - получаем адрес
28-12 16:53:02 [INFO ] [om.ChaoticChaotic.parcer.ui.UI]: - получили адрес
28-12 16:53:03 [INFO ] [aotic.parcer.reader.SiteReader]: - Текст с сайта https://www.baeldung.com/spring-boot-shutdown прочитан
28-12 16:53:03 [INFO ] [rcer.langDetector.LangDetector]: - Инициализация языка, язык сайта: en
28-12 16:53:03 [INFO ] [c.parcer.service.ParcerService]: - Старт парсинга и подсчета статистики уникальных слов
28-12 16:53:03 [INFO ] [.analizers.UniqueWordsAnalizer]: - Подсчет уникальных слов окончен
28-12 16:53:03 [INFO ] [.analizers.UniqueWordsAnalizer]: - Загрузка статистики в базу данных
28-12 16:53:03 [INFO ] [.analizers.UniqueWordsAnalizer]: - Загрузка статистики в базу данных завершена
28-12 16:53:05 [INFO ] [c.parcer.service.ParcerService]: - Завершение работы
28-12 16:53:32 [INFO ] [c.parcer.service.ParcerService]: - Начало работы
28-12 16:53:32 [INFO ] [om.ChaoticChaotic.parcer.ui.UI]: - получаем адрес
28-12 16:53:34 [INFO ] [om.ChaoticChaotic.parcer.ui.UI]: - получили адрес
28-12 16:53:34 [INFO ] [aotic.parcer.reader.SiteReader]: - Текст с сайта https://www.baeldung.com/spring-boot-shutdown прочитан
28-12 16:53:34 [INFO ] [rcer.langDetector.LangDetector]: - Инициализация языка, язык сайта: en
28-12 16:53:34 [INFO ] [c.parcer.service.ParcerService]: - Старт парсинга и подсчета статистики уникальных слов
28-12 16:53:34 [INFO ] [.analizers.UniqueWordsAnalizer]: - Подсчет уникальных слов окончен
28-12 16:53:34 [INFO ] [.analizers.UniqueWordsAnalizer]: - Загрузка статистики в базу данных
28-12 16:53:34 [INFO ] [.analizers.UniqueWordsAnalizer]: - Загрузка статистики в базу данных завершена
28-12 16:53:36 [INFO ] [c.parcer.service.ParcerService]: - Завершение работы
28-12 16:54:06 [INFO ] [c.parcer.service.ParcerService]: - Начало работы
28-12 16:54:06 [INFO ] [om.ChaoticChaotic.parcer.ui.UI]: - получаем адрес
28-12 16:54:08 [INFO ] [om.ChaoticChaotic.parcer.ui.UI]: - получили адрес
28-12 16:54:08 [WARN ] [aotic.parcer.reader.SiteReader]: - Некорректный формат адреса, перезапуск java.lang.IllegalArgumentException: Malformed URL: 6
28-12 16:54:20 [INFO ] [c.parcer.service.ParcerService]: - Начало работы
28-12 16:54:20 [INFO ] [om.ChaoticChaotic.parcer.ui.UI]: - получаем адрес
28-12 16:54:23 [INFO ] [om.ChaoticChaotic.parcer.ui.UI]: - получили адрес
28-12 16:54:23 [INFO ] [aotic.parcer.reader.SiteReader]: - Текст с сайта https://www.baeldung.com/spring-boot-shutdown прочитан
28-12 16:54:23 [INFO ] [rcer.langDetector.LangDetector]: - Инициализация языка, язык сайта: en
28-12 16:54:23 [INFO ] [c.parcer.service.ParcerService]: - Старт парсинга и подсчета статистики уникальных слов
28-12 16:54:23 [INFO ] [.analizers.UniqueWordsAnalizer]: - Подсчет уникальных слов окончен
28-12 16:54:23 [INFO ] [.analizers.UniqueWordsAnalizer]: - Загрузка статистики в базу данных
28-12 16:54:23 [INFO ] [.analizers.UniqueWordsAnalizer]: - Загрузка статистики в базу данных завершена
28-12 17:08:36 [INFO ] [c.parcer.service.ParcerService]: - Начало работы
28-12 17:08:36 [INFO ] [om.ChaoticChaotic.parcer.ui.UI]: - Получение URL адрес
28-12 17:08:41 [INFO ] [om.ChaoticChaotic.parcer.ui.UI]: - Url адресhttps://www.baeldung.com/spring-boot-shutdown
28-12 17:08:42 [INFO ] [aotic.parcer.reader.SiteReader]: - Текст с сайта https://www.baeldung.com/spring-boot-shutdown прочитан
28-12 17:08:42 [INFO ] [rcer.langDetector.LangDetector]: - Инициализация языка, язык сайта: en
28-12 17:08:42 [INFO ] [c.parcer.service.ParcerService]: - Старт парсинга и подсчета статистики уникальных слов
28-12 17:08:42 [INFO ] [.analizers.UniqueWordsAnalizer]: - Подсчет уникальных слов окончен
28-12 17:08:42 [INFO ] [.analizers.UniqueWordsAnalizer]: - Загрузка статистики в базу данных
28-12 17:08:42 [INFO ] [.analizers.UniqueWordsAnalizer]: - Загрузка статистики в базу данных завершена
28-12 17:08:42 [INFO ] [c.parcer.service.ParcerService]: - Текст обработан
28-12 17:08:42 [INFO ] [om.ChaoticChaotic.parcer.ui.UI]: - Загрузка меню
28-12 17:08:45 [INFO ] [c.parcer.service.ParcerService]: - Запрос завершения работы
28-12 17:53:19 [INFO ] [om.ChaoticChaotic.parcer.ui.UI]: - Получение URL адресa
28-12 17:58:36 [INFO ] [om.ChaoticChaotic.parcer.ui.UI]: - Получение URL адресa
28-12 18:16:41 [INFO ] [om.ChaoticChaotic.parcer.ui.UI]: - Получение URL адресa
28-12 19:15:56 [INFO ] [om.ChaoticChaotic.parcer.ui.UI]: - Получение URL адресa
28-12 19:16:16 [INFO ] [om.ChaoticChaotic.parcer.ui.UI]: - Получение URL адресa
28-12 19:18:02 [INFO ] [om.ChaoticChaotic.parcer.ui.UI]: - Получение URL адресa
28-12 19:19:24 [INFO ] [om.ChaoticChaotic.parcer.ui.UI]: - Получение URL адресa
28-12 19:20:11 [INFO ] [om.ChaoticChaotic.parcer.ui.UI]: - Получение URL адресa
28-12 19:20:29 [INFO ] [c.parcer.service.ParcerService]: - Начало работы
28-12 19:20:29 [INFO ] [om.ChaoticChaotic.parcer.ui.UI]: - Получение URL адресa
28-12 19:21:22 [INFO ] [om.ChaoticChaotic.parcer.ui.UI]: - Получение URL адресa
28-12 19:22:01 [INFO ] [om.ChaoticChaotic.parcer.ui.UI]: - Получение URL адресa
28-12 19:23:02 [INFO ] [om.ChaoticChaotic.parcer.ui.UI]: - Получение URL адресa
28-12 19:24:37 [INFO ] [om.ChaoticChaotic.parcer.ui.UI]: - Получение URL адресa
28-12 19:24:59 [INFO ] [om.ChaoticChaotic.parcer.ui.UI]: - Получение URL адресa
28-12 19:28:15 [INFO ] [om.ChaoticChaotic.parcer.ui.UI]: - Получение URL адресa
28-12 19:29:24 [INFO ] [om.ChaoticChaotic.parcer.ui.UI]: - Получение URL адресa
28-12 19:29:48 [INFO ] [om.ChaoticChaotic.parcer.ui.UI]: - Получение URL адресa
28-12 19:33:31 [INFO ] [om.ChaoticChaotic.parcer.ui.UI]: - Загрузка меню
28-12 19:34:11 [INFO ] [om.ChaoticChaotic.parcer.ui.UI]: - Получение URL адресa
28-12 19:34:27 [INFO ] [om.ChaoticChaotic.parcer.ui.UI]: - Загрузка меню
28-12 19:37:05 [INFO ] [om.ChaoticChaotic.parcer.ui.UI]: - Загрузка меню
30-12 12:20:18 [INFO ] [om.ChaoticChaotic.parcer.ui.UI]: - Загрузка меню
30-12 12:20:56 [INFO ] [c.parcer.service.ParcerService]: - Начало работы
30-12 12:20:56 [INFO ] [om.ChaoticChaotic.parcer.ui.UI]: - Получение URL адресa
30-12 12:20:58 [INFO ] [om.ChaoticChaotic.parcer.ui.UI]: - Url адрес https://en.wikipedia.org/wiki/Parthenon
30-12 12:21:00 [INFO ] [aotic.parcer.reader.SiteReader]: - Текст с сайта https://en.wikipedia.org/wiki/Parthenon прочитан
30-12 12:21:00 [INFO ] [rcer.langDetector.LangDetector]: - Инициализация языка, язык сайта: en
30-12 12:21:00 [INFO ] [c.parcer.service.ParcerService]: - Старт парсинга и подсчета статистики уникальных слов
30-12 12:21:00 [INFO ] [.analizers.UniqueWordsAnalizer]: - Подсчет уникальных слов окончен
30-12 12:21:00 [INFO ] [.analizers.UniqueWordsAnalizer]: - Загрузка статистики в базу данных
30-12 12:21:01 [INFO ] [.analizers.UniqueWordsAnalizer]: - Загрузка статистики в базу данных завершена
30-12 12:21:01 [INFO ] [c.parcer.service.ParcerService]: - Текст обработан
30-12 12:21:01 [INFO ] [om.ChaoticChaotic.parcer.ui.UI]: - Загрузка меню
06-01 14:37:23 [INFO ] [om.ChaoticChaotic.parcer.ui.UI]: - Получение URL адресa
06-01 15:02:26 [INFO ] [om.ChaoticChaotic.parcer.ui.UI]: - Получение URL адресa
06-01 15:03:23 [INFO ] [om.ChaoticChaotic.parcer.ui.UI]: - Получение URL адресa
06-01 15:05:13 [INFO ] [om.ChaoticChaotic.parcer.ui.UI]: - Получение URL адресa
06-01 15:07:09 [INFO ] [om.ChaoticChaotic.parcer.ui.UI]: - Получение URL адресa
09-01 14:35:49 [INFO ] [om.ChaoticChaotic.parcer.ui.UI]: - Получение URL адресa
09-01 14:36:30 [INFO ] [c.parcer.service.ParcerService]: - Начало работы
09-01 14:36:30 [INFO ] [om.ChaoticChaotic.parcer.ui.UI]: - Получение URL адресa
09-01 14:36:46 [INFO ] [om.ChaoticChaotic.parcer.ui.UI]: - Url адрес https://www.baeldung.com/java-heap-sort
09-01 14:36:47 [INFO ] [aotic.parcer.reader.SiteReader]: - Текст с сайта https://www.baeldung.com/java-heap-sort прочитан
09-01 14:36:47 [INFO ] [rcer.langDetector.LangDetector]: - Инициализация языка, язык сайта: en
09-01 14:36:47 [INFO ] [c.parcer.service.ParcerService]: - Старт парсинга и подсчета статистики уникальных слов
09-01 14:36:47 [INFO ] [.analizers.UniqueWordsAnalizer]: - Подсчет уникальных слов окончен
09-01 14:36:47 [INFO ] [.analizers.UniqueWordsAnalizer]: - Загрузка статистики в базу данных
09-01 14:36:47 [INFO ] [.analizers.UniqueWordsAnalizer]: - Загрузка статистики в базу данных завершена
09-01 14:36:47 [INFO ] [c.parcer.service.ParcerService]: - Текст обработан
09-01 14:36:47 [INFO ] [om.ChaoticChaotic.parcer.ui.UI]: - Загрузка меню
